Using pre-set license
Built from '2020.3/staging' branch; Version is '2020.3.33f1 (915a7af8b0d5) revision 9525882'; Using compiler version '192528614'; Build Type 'Release'
OS: 'Windows 10  (10.0.19044) 64bit Professional' Language: 'ko' Physical Memory: 16297 MB
BatchMode: 1, IsHumanControllingUs: 0, StartBugReporterOnCrash: 0, Is64bit: 1, IsPro: 0

COMMAND LINE ARGUMENTS:
D:\2020.3.33f1\Editor\Unity.exe
-adb2
-batchMode
-noUpm
-name
AssetImportWorker0
-projectPath
C:/Users/kangjunyoung/Documents/GitHub/Aim-hero/Aim hero
-logFile
Logs/AssetImportWorker0.log
-srvPort
50120
Successfully changed project path to: C:/Users/kangjunyoung/Documents/GitHub/Aim-hero/Aim hero
C:/Users/kangjunyoung/Documents/GitHub/Aim-hero/Aim hero
Using Asset Import Pipeline V2.
Refreshing native plugins compatible for Editor in 29.34 ms, found 2 plugins.
Preloading 0 native plugins for Editor in 0.00 ms.
Initialize engine version: 2020.3.33f1 (915a7af8b0d5)
[Subsystems] Discovering subsystems at path D:/2020.3.33f1/Editor/Data/Resources/UnitySubsystems
[Subsystems] Discovering subsystems at path C:/Users/kangjunyoung/Documents/GitHub/Aim-hero/Aim hero/Assets
GfxDevice: creating device client; threaded=0
Direct3D:
    Version:  Direct3D 11.0 [level 11.1]
    Renderer: NVIDIA GeForce RTX 3060 (ID=0x2504)
    Vendor:   
    VRAM:     12142 MB
    Driver:   30.0.15.1215
Initialize mono
Mono path[0] = 'D:/2020.3.33f1/Editor/Data/Managed'
Mono path[1] = 'D:/2020.3.33f1/Editor/Data/MonoBleedingEdge/lib/mono/unityjit'
Mono config path = 'D:/2020.3.33f1/Editor/Data/MonoBleedingEdge/etc'
Using monoOptions --debugger-agent=transport=dt_socket,embedding=1,server=y,suspend=n,address=127.0.0.1:56800
Begin MonoManager ReloadAssembly
Registering precompiled unity dll's ...
Register platform support module: D:/2020.3.33f1/Editor/Data/PlaybackEngines/WindowsStandaloneSupport/UnityEditor.WindowsStandalone.Extensions.dll
Registered in 0.001652 seconds.
Native extension for WindowsStandalone target not found
Refreshing native plugins compatible for Editor in 29.58 ms, found 2 plugins.
Preloading 0 native plugins for Editor in 0.00 ms.
Mono: successfully reloaded assembly
- Completed reload, in  0.484 seconds
Domain Reload Profiling:
	ReloadAssembly (484ms)
		BeginReloadAssembly (46ms)
			ExecutionOrderSort (0ms)
			DisableScriptedObjects (0ms)
			BackupInstance (0ms)
			ReleaseScriptingObjects (0ms)
			CreateAndSetChildDomain (1ms)
		EndReloadAssembly (366ms)
			LoadAssemblies (45ms)
			RebuildTransferFunctionScriptingTraits (0ms)
			SetupTypeCache (121ms)
			ReleaseScriptCaches (0ms)
			RebuildScriptCaches (23ms)
			SetupLoadedEditorAssemblies (137ms)
				LogAssemblyErrors (0ms)
				InitializePlatformSupportModulesInManaged (3ms)
				SetLoadedEditorAssemblies (0ms)
				RefreshPlugins (30ms)
				BeforeProcessingInitializeOnLoad (13ms)
				ProcessInitializeOnLoadAttributes (68ms)
				ProcessInitializeOnLoadMethodAttributes (23ms)
				AfterProcessingInitializeOnLoad (0ms)
				EditorAssembliesLoaded (0ms)
			ExecutionOrderSort2 (0ms)
			AwakeInstancesAfterBackupRestoration (0ms)
Platform modules already initialized, skipping
Registering precompiled user dll's ...
Registered in 0.002617 seconds.
Begin MonoManager ReloadAssembly
Symbol file LoadedFromMemory doesn't match image C:\Users\kangjunyoung\Documents\GitHub\Aim-hero\Aim hero\Library\PackageCache\com.unity.collab-proxy@1.15.15\Lib\Editor\PlasticSCM\unityplastic.dll
Native extension for WindowsStandalone target not found
Refreshing native plugins compatible for Editor in 0.36 ms, found 2 plugins.
Preloading 0 native plugins for Editor in 0.00 ms.
Mono: successfully reloaded assembly
- Completed reload, in  0.756 seconds
Domain Reload Profiling:
	ReloadAssembly (757ms)
		BeginReloadAssembly (111ms)
			ExecutionOrderSort (0ms)
			DisableScriptedObjects (4ms)
			BackupInstance (0ms)
			ReleaseScriptingObjects (0ms)
			CreateAndSetChildDomain (17ms)
		EndReloadAssembly (601ms)
			LoadAssemblies (70ms)
			RebuildTransferFunctionScriptingTraits (0ms)
			SetupTypeCache (197ms)
			ReleaseScriptCaches (0ms)
			RebuildScriptCaches (31ms)
			SetupLoadedEditorAssemblies (238ms)
				LogAssemblyErrors (0ms)
				InitializePlatformSupportModulesInManaged (4ms)
				SetLoadedEditorAssemblies (0ms)
				RefreshPlugins (0ms)
				BeforeProcessingInitializeOnLoad (62ms)
				ProcessInitializeOnLoadAttributes (162ms)
				ProcessInitializeOnLoadMethodAttributes (8ms)
				AfterProcessingInitializeOnLoad (2ms)
				EditorAssembliesLoaded (0ms)
			ExecutionOrderSort2 (0ms)
			AwakeInstancesAfterBackupRestoration (5ms)
Platform modules already initialized, skipping
========================================================================
Worker process is ready to serve import requests
Launched and connected shader compiler UnityShaderCompiler.exe after 0.04 seconds
Refreshing native plugins compatible for Editor in 0.60 ms, found 2 plugins.
Preloading 0 native plugins for Editor in 0.00 ms.
Unloading 1544 Unused Serialized files (Serialized files now loaded: 0)
System memory in use before: 72.6 MB.
System memory in use after: 72.7 MB.

Unloading 16 unused Assets to reduce memory usage. Loaded Objects now: 1982.
Total: 2.492200 ms (FindLiveObjects: 0.162800 ms CreateObjectMapping: 0.071100 ms MarkObjects: 2.196800 ms  DeleteObjects: 0.060700 ms)

AssetImportParameters requested are different than current active one (requested -> active):
  custom:framework-win-MediaFoundation: 216162199b28c13a410421893ffa2e32 -> 
  custom:video-decoder-ogg-theora: a1e56fd34408186e4bbccfd4996cb3dc -> 
  custom:container-muxer-webm: aa71ff27fc2769a1b78a27578f13a17b -> 
  custom:container-demuxer-webm: 4f35f7cbe854078d1ac9338744f61a02 -> 
  custom:container-demuxer-ogg: 62fdf1f143b41e24485cea50d1cbac27 -> 
  custom:video-encoder-webm-vp8: eb34c28f22e8b96e1ab97ce403110664 -> 
  custom:video-decoder-webm-vp8: 9c59270c3fd7afecdb556c50c9e8de78 -> 
  custom:audio-decoder-ogg-vorbis: bf7c407c2cedff20999df2af8eb42d56 -> 
  custom:audio-encoder-webm-vorbis: bf7c407c2cedff20999df2af8eb42d56 -> 
========================================================================
Received Import Request.
  path: Assets/Texture
  artifactKey: Guid(80a3263891f503d419176d1d9f7f58c7) Importer(815301076,1909f56bfc062723c751e8b465ee728b)
Start importing Assets/Texture using Guid(80a3263891f503d419176d1d9f7f58c7) Importer(815301076,1909f56bfc062723c751e8b465ee728b)  -> (artifact id: '56e0c2c9a0504677ebcde4f3223ee313') in 0.007853 seconds 
========================================================================
Received Import Request.
  Time since last request: 57.884537 seconds.
  path: Assets/Texture/Aim04.png
  artifactKey: Guid(cf4aefb0cddf18f45a6fc448b96cbb0c) Importer(815301076,1909f56bfc062723c751e8b465ee728b)
Start importing Assets/Texture/Aim04.png using Guid(cf4aefb0cddf18f45a6fc448b96cbb0c) Importer(815301076,1909f56bfc062723c751e8b465ee728b)  -> (artifact id: 'dac17581184c717ef41796a5f1233fb7') in 0.089400 seconds 
========================================================================
Received Import Request.
  Time since last request: 14.314339 seconds.
  path: Assets/Texture/Aim04.png
  artifactKey: Guid(cf4aefb0cddf18f45a6fc448b96cbb0c) Importer(815301076,1909f56bfc062723c751e8b465ee728b)
Start importing Assets/Texture/Aim04.png using Guid(cf4aefb0cddf18f45a6fc448b96cbb0c) Importer(815301076,1909f56bfc062723c751e8b465ee728b)  -> (artifact id: '6220927d1d6b8c91741a7ca47828c8df') in 0.043104 seconds 
========================================================================
Received Import Request.
  Time since last request: 1135.322501 seconds.
  path: Assets/Prefabs/ImpactNormal.prefab
  artifactKey: Guid(cf7b56963657a4e42a259f73de76dd9e) Importer(815301076,1909f56bfc062723c751e8b465ee728b)
Start importing Assets/Prefabs/ImpactNormal.prefab using Guid(cf7b56963657a4e42a259f73de76dd9e) Importer(815301076,1909f56bfc062723c751e8b465ee728b)  -> (artifact id: 'bcf3cf8a4d8bf8a56f0f5339df1b8bf5') in 0.038466 seconds 
========================================================================
Received Import Request.
  Time since last request: 8.362412 seconds.
  path: Assets/Prefabs/ImpactNormal 1.prefab
  artifactKey: Guid(32ee368dbf53e664287b54d6678b4680) Importer(815301076,1909f56bfc062723c751e8b465ee728b)
Start importing Assets/Prefabs/ImpactNormal 1.prefab using Guid(32ee368dbf53e664287b54d6678b4680) Importer(815301076,1909f56bfc062723c751e8b465ee728b)  -> (artifact id: 'd729d62fa824c54e0cf19380175f1e49') in 0.063235 seconds 
========================================================================
Received Import Request.
  Time since last request: 13.023968 seconds.
  path: Assets/Prefabs/ImpactObstacle.prefab
  artifactKey: Guid(32ee368dbf53e664287b54d6678b4680) Importer(815301076,1909f56bfc062723c751e8b465ee728b)
Start importing Assets/Prefabs/ImpactObstacle.prefab using Guid(32ee368dbf53e664287b54d6678b4680) Importer(815301076,1909f56bfc062723c751e8b465ee728b)  -> (artifact id: '7a6d7f8a811d11a8cdcd3e3a147a7ad4') in 0.013462 seconds 
========================================================================
Received Import Request.
  Time since last request: 7.511405 seconds.
  path: Assets/Prefabs/ImpactObstacle.prefab
  artifactKey: Guid(32ee368dbf53e664287b54d6678b4680) Importer(815301076,1909f56bfc062723c751e8b465ee728b)
Start importing Assets/Prefabs/ImpactObstacle.prefab using Guid(32ee368dbf53e664287b54d6678b4680) Importer(815301076,1909f56bfc062723c751e8b465ee728b)  -> (artifact id: '4256da3c3506239edc7c41c8bd7e451d') in 0.007535 seconds 
========================================================================
Received Import Request.
  Time since last request: 17.114011 seconds.
  path: Assets/Prefabs/ImpactObstacle.prefab
  artifactKey: Guid(32ee368dbf53e664287b54d6678b4680) Importer(815301076,1909f56bfc062723c751e8b465ee728b)
Start importing Assets/Prefabs/ImpactObstacle.prefab using Guid(32ee368dbf53e664287b54d6678b4680) Importer(815301076,1909f56bfc062723c751e8b465ee728b)  -> (artifact id: 'd53ba583794aa49ab2bc99ba9339d44c') in 0.007420 seconds 
========================================================================
Received Import Request.
  Time since last request: 44.048199 seconds.
  path: Assets/Script/Impact.cs
  artifactKey: Guid(3bcb72276663c9b469766b8efc62ad76) Importer(815301076,1909f56bfc062723c751e8b465ee728b)
Start importing Assets/Script/Impact.cs using Guid(3bcb72276663c9b469766b8efc62ad76) Importer(815301076,1909f56bfc062723c751e8b465ee728b)  -> (artifact id: '84a88932cb80357092485c7fdb3a295e') in 0.028354 seconds 
========================================================================
Received Prepare
Registering precompiled user dll's ...
Registered in 0.003500 seconds.
Begin MonoManager ReloadAssembly
Symbol file LoadedFromMemory doesn't match image C:\Users\kangjunyoung\Documents\GitHub\Aim-hero\Aim hero\Library\PackageCache\com.unity.collab-proxy@1.15.15\Lib\Editor\PlasticSCM\unityplastic.dll
Native extension for WindowsStandalone target not found
Refreshing native plugins compatible for Editor in 0.35 ms, found 2 plugins.
Preloading 0 native plugins for Editor in 0.00 ms.
Mono: successfully reloaded assembly
- Completed reload, in  1.151 seconds
Domain Reload Profiling:
	ReloadAssembly (1151ms)
		BeginReloadAssembly (161ms)
			ExecutionOrderSort (0ms)
			DisableScriptedObjects (4ms)
			BackupInstance (0ms)
			ReleaseScriptingObjects (0ms)
			CreateAndSetChildDomain (28ms)
		EndReloadAssembly (923ms)
			LoadAssemblies (203ms)
			RebuildTransferFunctionScriptingTraits (0ms)
			SetupTypeCache (386ms)
			ReleaseScriptCaches (1ms)
			RebuildScriptCaches (33ms)
			SetupLoadedEditorAssemblies (282ms)
				LogAssemblyErrors (0ms)
				InitializePlatformSupportModulesInManaged (4ms)
				SetLoadedEditorAssemblies (0ms)
				RefreshPlugins (0ms)
				BeforeProcessingInitializeOnLoad (74ms)
				ProcessInitializeOnLoadAttributes (192ms)
				ProcessInitializeOnLoadMethodAttributes (9ms)
				AfterProcessingInitializeOnLoad (2ms)
				EditorAssembliesLoaded (0ms)
			ExecutionOrderSort2 (0ms)
			AwakeInstancesAfterBackupRestoration (8ms)
Platform modules already initialized, skipping
Refreshing native plugins compatible for Editor in 0.55 ms, found 2 plugins.
Preloading 0 native plugins for Editor in 0.00 ms.
Unloading 1526 Unused Serialized files (Serialized files now loaded: 0)
System memory in use before: 74.5 MB.
System memory in use after: 74.6 MB.

Unloading 11 unused Assets to reduce memory usage. Loaded Objects now: 1999.
Total: 2.540400 ms (FindLiveObjects: 0.130900 ms CreateObjectMapping: 0.036200 ms MarkObjects: 2.344100 ms  DeleteObjects: 0.028000 ms)

AssetImportParameters requested are different than current active one (requested -> active):
  custom:framework-win-MediaFoundation: 216162199b28c13a410421893ffa2e32 -> 
  custom:video-decoder-ogg-theora: a1e56fd34408186e4bbccfd4996cb3dc -> 
  custom:container-muxer-webm: aa71ff27fc2769a1b78a27578f13a17b -> 
  custom:container-demuxer-webm: 4f35f7cbe854078d1ac9338744f61a02 -> 
  custom:container-demuxer-ogg: 62fdf1f143b41e24485cea50d1cbac27 -> 
  custom:video-encoder-webm-vp8: eb34c28f22e8b96e1ab97ce403110664 -> 
  custom:video-decoder-webm-vp8: 9c59270c3fd7afecdb556c50c9e8de78 -> 
  custom:audio-decoder-ogg-vorbis: bf7c407c2cedff20999df2af8eb42d56 -> 
  custom:audio-encoder-webm-vorbis: bf7c407c2cedff20999df2af8eb42d56 -> 
========================================================================
Received Prepare
Registering precompiled user dll's ...
Registered in 0.002229 seconds.
Begin MonoManager ReloadAssembly
Symbol file LoadedFromMemory doesn't match image C:\Users\kangjunyoung\Documents\GitHub\Aim-hero\Aim hero\Library\PackageCache\com.unity.collab-proxy@1.15.15\Lib\Editor\PlasticSCM\unityplastic.dll
Native extension for WindowsStandalone target not found
Refreshing native plugins compatible for Editor in 0.34 ms, found 2 plugins.
Preloading 0 native plugins for Editor in 0.00 ms.
Mono: successfully reloaded assembly
- Completed reload, in  0.755 seconds
Domain Reload Profiling:
	ReloadAssembly (756ms)
		BeginReloadAssembly (133ms)
			ExecutionOrderSort (0ms)
			DisableScriptedObjects (5ms)
			BackupInstance (0ms)
			ReleaseScriptingObjects (0ms)
			CreateAndSetChildDomain (26ms)
		EndReloadAssembly (579ms)
			LoadAssemblies (115ms)
			RebuildTransferFunctionScriptingTraits (0ms)
			SetupTypeCache (201ms)
			ReleaseScriptCaches (1ms)
			RebuildScriptCaches (27ms)
			SetupLoadedEditorAssemblies (216ms)
				LogAssemblyErrors (0ms)
				InitializePlatformSupportModulesInManaged (4ms)
				SetLoadedEditorAssemblies (0ms)
				RefreshPlugins (0ms)
				BeforeProcessingInitializeOnLoad (56ms)
				ProcessInitializeOnLoadAttributes (147ms)
				ProcessInitializeOnLoadMethodAttributes (7ms)
				AfterProcessingInitializeOnLoad (2ms)
				EditorAssembliesLoaded (0ms)
			ExecutionOrderSort2 (0ms)
			AwakeInstancesAfterBackupRestoration (5ms)
Platform modules already initialized, skipping
Refreshing native plugins compatible for Editor in 0.35 ms, found 2 plugins.
Preloading 0 native plugins for Editor in 0.00 ms.
Unloading 1526 Unused Serialized files (Serialized files now loaded: 0)
System memory in use before: 74.5 MB.
System memory in use after: 74.6 MB.

Unloading 11 unused Assets to reduce memory usage. Loaded Objects now: 2002.
Total: 2.140400 ms (FindLiveObjects: 0.085700 ms CreateObjectMapping: 0.034200 ms MarkObjects: 2.003800 ms  DeleteObjects: 0.016200 ms)

AssetImportParameters requested are different than current active one (requested -> active):
  custom:framework-win-MediaFoundation: 216162199b28c13a410421893ffa2e32 -> 
  custom:video-decoder-ogg-theora: a1e56fd34408186e4bbccfd4996cb3dc -> 
  custom:container-muxer-webm: aa71ff27fc2769a1b78a27578f13a17b -> 
  custom:container-demuxer-webm: 4f35f7cbe854078d1ac9338744f61a02 -> 
  custom:container-demuxer-ogg: 62fdf1f143b41e24485cea50d1cbac27 -> 
  custom:video-encoder-webm-vp8: eb34c28f22e8b96e1ab97ce403110664 -> 
  custom:video-decoder-webm-vp8: 9c59270c3fd7afecdb556c50c9e8de78 -> 
  custom:audio-decoder-ogg-vorbis: bf7c407c2cedff20999df2af8eb42d56 -> 
  custom:audio-encoder-webm-vorbis: bf7c407c2cedff20999df2af8eb42d56 -> 
========================================================================
Received Import Request.
  Time since last request: 400.606855 seconds.
  path: Assets/Prefabs/ImpactNormal.prefab
  artifactKey: Guid(cf7b56963657a4e42a259f73de76dd9e) Importer(815301076,1909f56bfc062723c751e8b465ee728b)
Start importing Assets/Prefabs/ImpactNormal.prefab using Guid(cf7b56963657a4e42a259f73de76dd9e) Importer(815301076,1909f56bfc062723c751e8b465ee728b)  -> (artifact id: '57bc7d1a1a5876522c3fe08ef973177b') in 0.045779 seconds 
========================================================================
Received Import Request.
  Time since last request: 6.977621 seconds.
  path: Assets/Prefabs/ImpactNormal.prefab
  artifactKey: Guid(cf7b56963657a4e42a259f73de76dd9e) Importer(815301076,1909f56bfc062723c751e8b465ee728b)
Start importing Assets/Prefabs/ImpactNormal.prefab using Guid(cf7b56963657a4e42a259f73de76dd9e) Importer(815301076,1909f56bfc062723c751e8b465ee728b)  -> (artifact id: 'c30a2fc39daf89e815e5ed04c9e66010') in 0.006764 seconds 
========================================================================
Received Import Request.
  Time since last request: 14.662074 seconds.
  path: Assets/Prefabs/ImpactNormal.prefab
  artifactKey: Guid(cf7b56963657a4e42a259f73de76dd9e) Importer(815301076,1909f56bfc062723c751e8b465ee728b)
Start importing Assets/Prefabs/ImpactNormal.prefab using Guid(cf7b56963657a4e42a259f73de76dd9e) Importer(815301076,1909f56bfc062723c751e8b465ee728b)  -> (artifact id: '450ea9ede6984120f3873ddf337c0854') in 0.007340 seconds 
========================================================================
Received Import Request.
  Time since last request: 3.846832 seconds.
  path: Assets/Prefabs/ImpactObstacle.prefab
  artifactKey: Guid(32ee368dbf53e664287b54d6678b4680) Importer(815301076,1909f56bfc062723c751e8b465ee728b)
Start importing Assets/Prefabs/ImpactObstacle.prefab using Guid(32ee368dbf53e664287b54d6678b4680) Importer(815301076,1909f56bfc062723c751e8b465ee728b)  -> (artifact id: '76aa06882d4a6042c207945e6153175e') in 0.006704 seconds 
========================================================================
Received Import Request.
  Time since last request: 64.946512 seconds.
  path: Assets/Script/Impact.cs
  artifactKey: Guid(3bcb72276663c9b469766b8efc62ad76) Importer(815301076,1909f56bfc062723c751e8b465ee728b)
Start importing Assets/Script/Impact.cs using Guid(3bcb72276663c9b469766b8efc62ad76) Importer(815301076,1909f56bfc062723c751e8b465ee728b)  -> (artifact id: '0b6768726ddbf8378d7eb6a2c8335e68') in 0.002138 seconds 
AssetImportWorkerClient::OnTransportError - code=2 error=End of file
